<?xml version="1.0" encoding="UTF-8"?>
<testsuites>
    <testsuite name="force.apex" timestamp="2020-08-11T23:45:09-06:00" hostname="https://playful-shark-cj0qnn-dev-ed.my.salesforce.com" tests="1" failures="1"  errors="0"  time="0.02">
        <properties>
            <property name="outcome" value="Failed"/>
            <property name="testsRan" value="1"/>
            <property name="passing" value="0"/>
            <property name="failing" value="1"/>
            <property name="skipped" value="0"/>
            <property name="passRate" value="0%"/>
            <property name="failRate" value="100%"/>
            <property name="testStartTime" value="Aug 11, 2020 11:45 PM"/>
            <property name="testExecutionTime" value="0.02 s"/>
            <property name="testTotalTime" value="0.02 s"/>
            <property name="commandTime" value="3.45 s"/>
            <property name="hostname" value="https://playful-shark-cj0qnn-dev-ed.my.salesforce.com"/>
            <property name="orgId" value="00D5w0000050VTsEAM"/>
            <property name="username" value="musicmanmorris@playful-shark-cj0qnn.com"/>
            <property name="testRunId" value="7075w0000BF69Jf"/>
            <property name="userId" value="0055w00000C3LSYAA3"/>
            <property name="testRunCoverage" value="75%"/>
            <property name="orgWideCoverage" value="0%"/>
        </properties>
        <testcase name="testCallout" classname="AnimalLocatorTest" time="0.02">
            <failure message="System.JSONException: Unexpected character (&#39;:&#39; (code 58)): was expecting comma to separate ARRAY entries at [line:1, column:19]"><![CDATA[Class.System.JSON.deserializeUntyped: line 11, column 1
Class.AnimalLocator.getAnimalNameById: line 13, column 1
Class.AnimalLocatorTest.testCallout: line 6, column 1]]></failure>
        </testcase>
    </testsuite>
</testsuites>
