<?xml version="1.0" encoding="UTF-8"?>
<testsuites>
    <testsuite name="force.apex" timestamp="2020-08-06T01:13:37-06:00" hostname="https://playful-shark-cj0qnn-dev-ed.my.salesforce.com" tests="1" failures="1"  errors="0"  time="0.08">
        <properties>
            <property name="outcome" value="Failed"/>
            <property name="testsRan" value="1"/>
            <property name="passing" value="0"/>
            <property name="failing" value="1"/>
            <property name="skipped" value="0"/>
            <property name="passRate" value="0%"/>
            <property name="failRate" value="100%"/>
            <property name="testStartTime" value="Aug 6, 2020 1:13 AM"/>
            <property name="testExecutionTime" value="0.08 s"/>
            <property name="testTotalTime" value="0.08 s"/>
            <property name="commandTime" value="4.22 s"/>
            <property name="hostname" value="https://playful-shark-cj0qnn-dev-ed.my.salesforce.com"/>
            <property name="orgId" value="00D5w0000050VTsEAM"/>
            <property name="username" value="musicmanmorris@playful-shark-cj0qnn.com"/>
            <property name="testRunId" value="7075w0000BBVE7h"/>
            <property name="userId" value="0055w00000C3LSYAA3"/>
            <property name="testRunCoverage" value="71%"/>
            <property name="orgWideCoverage" value="0%"/>
        </properties>
        <testcase name="test" classname="DailyLeadProcessorTest" time="0.08">
            <failure message="System.AssertException: Assertion Failed: Expected: 200, Actual: 0"><![CDATA[Class.DailyLeadProcessorTest.test: line 22, column 1]]></failure>
        </testcase>
    </testsuite>
</testsuites>
