<?xml version="1.0" encoding="UTF-8"?>
<testsuites>
    <testsuite name="force.apex" timestamp="2020-08-04T14:12:54-06:00" hostname="https://playful-shark-cj0qnn-dev-ed.my.salesforce.com" tests="1" failures="1"  errors="0"  time="0.34">
        <properties>
            <property name="outcome" value="Failed"/>
            <property name="testsRan" value="1"/>
            <property name="passing" value="0"/>
            <property name="failing" value="1"/>
            <property name="skipped" value="0"/>
            <property name="passRate" value="0%"/>
            <property name="failRate" value="100%"/>
            <property name="testStartTime" value="Aug 4, 2020 2:12 PM"/>
            <property name="testExecutionTime" value="0.34 s"/>
            <property name="testTotalTime" value="0.34 s"/>
            <property name="commandTime" value="4.25 s"/>
            <property name="hostname" value="https://playful-shark-cj0qnn-dev-ed.my.salesforce.com"/>
            <property name="orgId" value="00D5w0000050VTsEAM"/>
            <property name="username" value="musicmanmorris@playful-shark-cj0qnn.com"/>
            <property name="testRunId" value="7075w0000BAo4h4"/>
            <property name="userId" value="0055w00000C3LSYAA3"/>
            <property name="testRunCoverage" value="86%"/>
            <property name="orgWideCoverage" value="3%"/>
        </properties>
        <testcase name="testAccountProcessor" classname="AccountProcessorTest" time="0.34">
            <failure message="System.AssertException: Assertion Failed: Expected: 2, Actual: null"><![CDATA[Class.AccountProcessorTest.testAccountProcessor: line 20, column 1]]></failure>
        </testcase>
    </testsuite>
</testsuites>
