<?xml version="1.0" encoding="UTF-8"?>
<testsuites>
    <testsuite name="force.apex" timestamp="2020-07-11T00:25:28-06:00" hostname="https://playful-shark-cj0qnn-dev-ed.my.salesforce.com" tests="2" failures="1"  errors="0"  time="0.02">
        <properties>
            <property name="outcome" value="Failed"/>
            <property name="testsRan" value="2"/>
            <property name="passing" value="1"/>
            <property name="failing" value="1"/>
            <property name="skipped" value="0"/>
            <property name="passRate" value="50%"/>
            <property name="failRate" value="50%"/>
            <property name="testStartTime" value="Jul 11, 2020 12:25 AM"/>
            <property name="testExecutionTime" value="0.02 s"/>
            <property name="testTotalTime" value="0.02 s"/>
            <property name="commandTime" value="3.17 s"/>
            <property name="hostname" value="https://playful-shark-cj0qnn-dev-ed.my.salesforce.com"/>
            <property name="orgId" value="00D5w0000050VTsEAM"/>
            <property name="username" value="musicmanmorris@playful-shark-cj0qnn.com"/>
            <property name="testRunId" value="7075w0000AvEhd0"/>
            <property name="userId" value="0055w00000C3LSYAA3"/>
            <property name="testRunCoverage" value="100%"/>
            <property name="orgWideCoverage" value="17%"/>
        </properties>
        <testcase name="testSetEndOfMonth" classname="TestVerifyDate" time="0.01">
            <failure message="System.AssertException: Assertion Failed: Expected: 2020-08-20 00:00:00, Actual: 2020-07-31 00:00:00"><![CDATA[Class.TestVerifyDate.testSetEndOfMonth: line 7, column 1]]></failure>
        </testcase>
        <testcase name="testUseDateTwo" classname="TestVerifyDate" time="0.01">
        </testcase>
    </testsuite>
</testsuites>
