<?xml version="1.0" encoding="UTF-8"?>
<testsuites>
    <testsuite name="force.apex" timestamp="2020-07-13T22:33:58-06:00" hostname="https://playful-shark-cj0qnn-dev-ed.my.salesforce.com" tests="1" failures="1"  errors="0"  time="0.18">
        <properties>
            <property name="outcome" value="Failed"/>
            <property name="testsRan" value="1"/>
            <property name="passing" value="0"/>
            <property name="failing" value="1"/>
            <property name="skipped" value="0"/>
            <property name="passRate" value="0%"/>
            <property name="failRate" value="100%"/>
            <property name="testStartTime" value="Jul 13, 2020 10:33 PM"/>
            <property name="testExecutionTime" value="0.18 s"/>
            <property name="testTotalTime" value="0.18 s"/>
            <property name="commandTime" value="3.91 s"/>
            <property name="hostname" value="https://playful-shark-cj0qnn-dev-ed.my.salesforce.com"/>
            <property name="orgId" value="00D5w0000050VTsEAM"/>
            <property name="username" value="musicmanmorris@playful-shark-cj0qnn.com"/>
            <property name="testRunId" value="7075w0000AwksS8"/>
            <property name="userId" value="0055w00000C3LSYAA3"/>
            <property name="testRunCoverage" value="93%"/>
            <property name="orgWideCoverage" value="19%"/>
        </properties>
        <testcase name="TestDeleteAccountWithNoOpportunities" classname="TestAccountDeletion" time="0.18">
            <failure message="System.AssertException: Assertion Failed"><![CDATA[Class.TestAccountDeletion.TestDeleteAccountWithNoOpportunities: line 30, column 1]]></failure>
        </testcase>
    </testsuite>
</testsuites>
